<?xml version="1.0" encoding="UTF-8"?>
<!-- Generated by org.testng.reporters.JUnitReportReporter -->
<testsuite hostname="DESKTOP-SQIAIS5" failures="0" tests="1" name="com.purnadata.testcases.SupplierTest" time="86.258" errors="0" timestamp="2022-06-14T00:01:22 IST" skipped="0">
  <testcase classname="com.purnadata.testcases.SupplierTest" name="addSupplier" time="86.258"/>
  <system-out/>
</testsuite> <!-- com.purnadata.testcases.SupplierTest -->
